<?xml version="1.0" encoding="UTF-8"?>
<testng-results ignored="0" total="1" passed="1" failed="0" skipped="0">
  <reporter-output>
  </reporter-output>
  <suite started-at="2024-12-02T13:22:42 IST" name="Default suite" finished-at="2024-12-02T13:22:49 IST" duration-ms="7810">
    <groups>
    </groups>
    <test started-at="2024-12-02T13:22:42 IST" name="Default test" finished-at="2024-12-02T13:22:49 IST" duration-ms="7810">
      <class name="org.test.Tc_Ec_001">
        <test-method signature="verifyRegistration()[pri:0, instance:org.test.Tc_Ec_001@45752059]" started-at="2024-12-02T13:22:42 IST" name="verifyRegistration" finished-at="2024-12-02T13:22:49 IST" duration-ms="7745" status="PASS">
          <reporter-output>
          </reporter-output>
        </test-method> <!-- verifyRegistration -->
      </class> <!-- org.test.Tc_Ec_001 -->
    </test> <!-- Default test -->
  </suite> <!-- Default suite -->
</testng-results>
